<?xml version="1.0" encoding="UTF-8"?>
<!-- Generated by org.testng.reporters.JUnitXMLReporter -->
<testsuite hostname="RS" ignored="0" name="Test" tests="1" failures="1" timestamp="15 May 2019 17:22:49 GMT" time="0.037" errors="0">
  <testcase name="tst" time="0.0" classname="test.TestRunner">
    <failure type="org.testng.TestNGException" message="
Cannot inject @Test annotated Method [tst] with [interface cucumber.api.testng.CucumberFeatureWrapper].
For more information on native dependency injection please refer to http://testng.org/doc/documentation-main.html#native-dependency-injection">
      <![CDATA[org.testng.TestNGException: 
Cannot inject @Test annotated Method [tst] with [interface cucumber.api.testng.CucumberFeatureWrapper].
For more information on native dependency injection please refer to http://testng.org/doc/documentation-main.html#native-dependency-injection
... Removed 24 stack frames]]>
    </failure>
  </testcase> <!-- tst -->
</testsuite> <!-- Test -->
